[custom_lint] 2024-03-26T08:20:51.106247 /Users/art/.pub-cache/hosted/pub.dev/branvier_lints-0.2.5/lib/branvier_lints.dart:42:29: Error: Required named parameter 'verbose' must be provided.
[custom_lint] 2024-03-26T08:20:51.106247     return CustomLintConfigs(
[custom_lint] 2024-03-26T08:20:51.106247                             ^
[custom_lint] 2024-03-26T08:20:51.106247 /Users/art/.pub-cache/hosted/pub.dev/custom_lint_core-0.6.3/lib/src/configs.dart:15:9: Context: Found this candidate, but the arguments don't match.
[custom_lint] 2024-03-26T08:20:51.106247   const CustomLintConfigs({
[custom_lint] 2024-03-26T08:20:51.106247         ^^^^^^^^^^^^^^^^^
[custom_lint] 2024-03-26T08:20:51.106247
[custom_lint] 2024-03-26T08:20:51.106247
Failed to start pluginsThe request analysis.setContextRoots failed with the following error:
RequestErrorCode.PLUGIN_ERROR
Bad state: Failed to start the plugins.
at:
#0      SocketCustomLintServerToClientChannel._checkInitializationFail.<anonymous closure> (package:custom_lint/src/v2/server_to_client_channel.dart:223:11)
<asynchronous suspension>
#1      Future.any.onValue (dart:async/future.dart:608:5)
<asynchronous suspension>

[custom_lint client] 2024-03-26T08:32:34.650153 ErrorSeverity: WARNING
[custom_lint client] 2024-03-26T10:15:05.522680 ErrorSeverity: WARNING
[custom_lint client] 2024-03-26T10:16:51.226989 ErrorSeverity: WARNING
[custom_lint client] 2024-03-26T10:25:56.097285 ErrorSeverity: WARNING
[custom_lint client] 2024-03-26T10:26:10.345027 ErrorSeverity: WARNING
